{"name": "test_search_user_params_005[getDataForSearchUser4]", "status": "failed", "statusDetails": {"message": "AssertionError: assert False", "trace": "self = <testCases.test_Search_User_params.Test_Search_User_params object at 0x0000025DDB4F3860>\nsetup = <selenium.webdriver.chrome.webdriver.WebDriver (session=\"99004c9c0e7fcacc3368c9d481647090\")>\ngetDataForSearchUser = ('demo', 'fail')\n\n    def test_search_user_params_005(self,setup,getDataForSearchUser):\n        self.driver = setup\n        self.lp = Login_Class(self.driver)\n        self.lp.Click_Login_Link()\n        self.lp.Enter_Username(self.Username)\n        self.lp.Enter_Password(self.Password)\n        self.lp.Click_Login_Button()\n        self.su = Search_User_Class(self.driver)\n        self.su.Click_Link_User_Management()\n    \n        Search_Username = getDataForSearchUser[0]\n        print(Search_Username)\n        Expected_result = getDataForSearchUser[1]\n        print(Expected_result)\n    \n        self.su.Enter_UserName(Search_Username)\n        self.driver.execute_script(\"window.scrollTo(0, document.body.scrollHeight);\")\n        time.sleep(4)\n        self.su.Click_Search_User_Button()\n        if self.su.Validate_Search_User() == \"pass\" and Expected_result == \"pass\":\n            assert True\n        elif self.su.Validate_Search_User() == \"pass\" and Expected_result == \"fail\":\n>           assert False\nE           assert False\n\ntestCases\\test_Search_User_params.py:35: AssertionError"}, "attachments": [{"name": "stdout", "source": "065f09fe-1eb3-44fd-b2fc-aee571805d00-attachment.txt", "type": "text/plain"}], "parameters": [{"name": "getDataForSearchUser", "value": "('demo', 'fail')"}], "start": 1723355969806, "stop": 1723355976608, "uuid": "d9d3f09e-40cb-49b2-95ed-bda7d2c113e8", "historyId": "ad6306ad69748b1d91c93ba51afbd49d", "testCaseId": "4b257e13a6d67d8318a1d9aca6b61c73", "fullName": "testCases.test_Search_User_params.Test_Search_User_params#test_search_user_params_005", "labels": [{"name": "parentSuite", "value": "testCases"}, {"name": "suite", "value": "test_Search_User_params"}, {"name": "subSuite", "value": "Test_Search_User_params"}, {"name": "host", "value": "DESKTOP-KB21BIN"}, {"name": "thread", "value": "17372-MainThread"}, {"name": "framework", "value": "pytest"}, {"name": "language", "value": "cpython3"}, {"name": "package", "value": "testCases.test_Search_User_params"}]}