{"uid":"4efd6f9502755b7a","name":"test_search_user_params_005[getDataForSearchUser4]","fullName":"testCases.test_Search_User_params.Test_Search_User_params#test_search_user_params_005","historyId":"ad6306ad69748b1d91c93ba51afbd49d","time":{"start":1723355969806,"stop":1723355976608,"duration":6802},"status":"failed","statusMessage":"AssertionError: assert False","statusTrace":"self = <testCases.test_Search_User_params.Test_Search_User_params object at 0x0000025DDB4F3860>\nsetup = <selenium.webdriver.chrome.webdriver.WebDriver (session=\"99004c9c0e7fcacc3368c9d481647090\")>\ngetDataForSearchUser = ('demo', 'fail')\n\n    def test_search_user_params_005(self,setup,getDataForSearchUser):\n        self.driver = setup\n        self.lp = Login_Class(self.driver)\n        self.lp.Click_Login_Link()\n        self.lp.Enter_Username(self.Username)\n        self.lp.Enter_Password(self.Password)\n        self.lp.Click_Login_Button()\n        self.su = Search_User_Class(self.driver)\n        self.su.Click_Link_User_Management()\n    \n        Search_Username = getDataForSearchUser[0]\n        print(Search_Username)\n        Expected_result = getDataForSearchUser[1]\n        print(Expected_result)\n    \n        self.su.Enter_UserName(Search_Username)\n        self.driver.execute_script(\"window.scrollTo(0, document.body.scrollHeight);\")\n        time.sleep(4)\n        self.su.Click_Search_User_Button()\n        if self.su.Validate_Search_User() == \"pass\" and Expected_result == \"pass\":\n            assert True\n        elif self.su.Validate_Search_User() == \"pass\" and Expected_result == \"fail\":\n>           assert False\nE           assert False\n\ntestCases\\test_Search_User_params.py:35: AssertionError","flaky":false,"newFailed":false,"newBroken":false,"newPassed":false,"retriesCount":0,"retriesStatusChange":false,"beforeStages":[{"name":"setup","time":{"start":1723355966412,"stop":1723355969805,"duration":3393},"status":"passed","steps":[],"attachments":[],"parameters":[],"attachmentsCount":0,"shouldDisplayMessage":false,"stepsCount":0,"hasContent":false,"attachmentStep":false},{"name":"getDataForSearchUser","time":{"start":1723355969805,"stop":1723355969806,"duration":1},"status":"passed","steps":[],"attachments":[],"parameters":[],"attachmentsCount":0,"shouldDisplayMessage":false,"stepsCount":0,"hasContent":false,"attachmentStep":false}],"testStage":{"status":"failed","statusMessage":"AssertionError: assert False","statusTrace":"self = <testCases.test_Search_User_params.Test_Search_User_params object at 0x0000025DDB4F3860>\nsetup = <selenium.webdriver.chrome.webdriver.WebDriver (session=\"99004c9c0e7fcacc3368c9d481647090\")>\ngetDataForSearchUser = ('demo', 'fail')\n\n    def test_search_user_params_005(self,setup,getDataForSearchUser):\n        self.driver = setup\n        self.lp = Login_Class(self.driver)\n        self.lp.Click_Login_Link()\n        self.lp.Enter_Username(self.Username)\n        self.lp.Enter_Password(self.Password)\n        self.lp.Click_Login_Button()\n        self.su = Search_User_Class(self.driver)\n        self.su.Click_Link_User_Management()\n    \n        Search_Username = getDataForSearchUser[0]\n        print(Search_Username)\n        Expected_result = getDataForSearchUser[1]\n        print(Expected_result)\n    \n        self.su.Enter_UserName(Search_Username)\n        self.driver.execute_script(\"window.scrollTo(0, document.body.scrollHeight);\")\n        time.sleep(4)\n        self.su.Click_Search_User_Button()\n        if self.su.Validate_Search_User() == \"pass\" and Expected_result == \"pass\":\n            assert True\n        elif self.su.Validate_Search_User() == \"pass\" and Expected_result == \"fail\":\n>           assert False\nE           assert False\n\ntestCases\\test_Search_User_params.py:35: AssertionError","steps":[],"attachments":[{"uid":"7c75066a422a5b09","name":"stdout","source":"7c75066a422a5b09.txt","type":"text/plain","size":10}],"parameters":[],"attachmentsCount":1,"shouldDisplayMessage":true,"stepsCount":0,"hasContent":true,"attachmentStep":false},"afterStages":[{"name":"setup::0","time":{"start":1723355976619,"stop":1723355978770,"duration":2151},"status":"passed","steps":[],"attachments":[],"parameters":[],"attachmentsCount":0,"shouldDisplayMessage":false,"stepsCount":0,"hasContent":false,"attachmentStep":false}],"labels":[{"name":"parentSuite","value":"testCases"},{"name":"suite","value":"test_Search_User_params"},{"name":"subSuite","value":"Test_Search_User_params"},{"name":"host","value":"DESKTOP-KB21BIN"},{"name":"thread","value":"17372-MainThread"},{"name":"framework","value":"pytest"},{"name":"language","value":"cpython3"},{"name":"package","value":"testCases.test_Search_User_params"},{"name":"resultFormat","value":"allure2"}],"parameters":[{"name":"getDataForSearchUser","value":"('demo', 'fail')"}],"links":[],"hidden":false,"retry":false,"extra":{"severity":"normal","retries":[],"categories":[{"name":"Product defects","matchedStatuses":[],"flaky":false}],"tags":[]},"source":"4efd6f9502755b7a.json","parameterValues":["('demo', 'fail')"]}