{"uid":"69284278f3c5056c","name":"test_search_user_004","fullName":"testCases.test_Search_User.Test_Search_User#test_search_user_004","historyId":"b9b805b70bccaa6f81c048e29610aa98","time":{"start":1723355896078,"stop":1723355901767,"duration":5689},"status":"failed","statusMessage":"AssertionError: assert False","statusTrace":"self = <testCases.test_Search_User.Test_Search_User object at 0x0000025DDB493A10>\nsetup = <selenium.webdriver.chrome.webdriver.WebDriver (session=\"c43d31e07201b157d894478bd1acbd39\")>\n\n    def test_search_user_004(self,setup):\n        self.driver = setup\n        self.lp = Login_Class(self.driver)\n        self.lp.Click_Login_Link()\n        self.lp.Enter_Username(self.Username)\n        self.lp.Enter_Password(self.Password)\n        self.lp.Click_Login_Button()\n        self.su = Search_User_Class(self.driver)\n        self.su.Click_Link_User_Management()\n        self.su.Enter_UserName(\"sanu\")\n        self.driver.execute_script(\"window.scrollTo(0, document.body.scrollHeight);\")\n        #time.sleep(5)\n        self.su.Click_Search_User_Button()\n        time.sleep(3)\n        if self.su.Validate_Search_User() == \"pass\":\n            assert True\n        else:\n>           assert False\nE           assert False\n\ntestCases\\test_Search_User.py:30: AssertionError","flaky":false,"newFailed":false,"newBroken":false,"newPassed":false,"retriesCount":0,"retriesStatusChange":false,"beforeStages":[{"name":"setup","time":{"start":1723355889835,"stop":1723355896077,"duration":6242},"status":"passed","steps":[],"attachments":[],"parameters":[],"attachmentsCount":0,"shouldDisplayMessage":false,"stepsCount":0,"hasContent":false,"attachmentStep":false}],"afterStages":[{"name":"setup::0","time":{"start":1723355901778,"stop":1723355905126,"duration":3348},"status":"passed","steps":[],"attachments":[],"parameters":[],"attachmentsCount":0,"shouldDisplayMessage":false,"stepsCount":0,"hasContent":false,"attachmentStep":false}],"labels":[{"name":"parentSuite","value":"testCases"},{"name":"suite","value":"test_Search_User"},{"name":"subSuite","value":"Test_Search_User"},{"name":"host","value":"DESKTOP-KB21BIN"},{"name":"thread","value":"17372-MainThread"},{"name":"framework","value":"pytest"},{"name":"language","value":"cpython3"},{"name":"package","value":"testCases.test_Search_User"},{"name":"resultFormat","value":"allure2"}],"parameters":[],"links":[],"hidden":false,"retry":false,"extra":{"severity":"normal","retries":[],"categories":[{"name":"Product defects","matchedStatuses":[],"flaky":false}],"tags":[]},"source":"69284278f3c5056c.json","parameterValues":[]}